Error: listen EADDRINUSE: address already in use :::3000
    at Server.setupListenHandle [as _listen2] (node:net:1823:16)
    at listenInCluster (node:net:1871:12)
    at Server.listen (node:net:1959:7)
    at Object.<anonymous> (/data/data/com.termux/files/home/server.js:62:8)
    at Module._compile (node:internal/modules/cjs/loader:1255:14)
    at Module._extensions..js (node:internal/modules/cjs/loader:1309:10)
    at Module.load (node:internal/modules/cjs/loader:1113:32)
    at Module._load (node:internal/modules/cjs/loader:960:12)
    at Object.<anonymous> (/data/data/com.termux/files/usr/lib/node_modules/pm2/lib/ProcessContainerFork.js:33:23)
    at Module._compile (node:internal/modules/cjs/loader:1255:14)
    at Module._extensions..js (node:internal/modules/cjs/loader:1309:10)
    at Module.load (node:internal/modules/cjs/loader:1113:32)
    at Module._load (node:internal/modules/cjs/loader:960:12)
    at Function.executeUserEntryPoint [as runMain] (node:internal/modules/run_main:83:12)
    at node:internal/main/run_main_module:23:47 {
  code: 'EADDRINUSE',
  errno: -98,
  syscall: 'listen',
  address: '::',
  port: 3000
}
Error: listen EADDRINUSE: address already in use :::3000
    at Server.setupListenHandle [as _listen2] (node:net:1823:16)
    at listenInCluster (node:net:1871:12)
    at Server.listen (node:net:1959:7)
    at Object.<anonymous> (/data/data/com.termux/files/home/server.js:62:8)
    at Module._compile (node:internal/modules/cjs/loader:1255:14)
    at Module._extensions..js (node:internal/modules/cjs/loader:1309:10)
    at Module.load (node:internal/modules/cjs/loader:1113:32)
    at Module._load (node:internal/modules/cjs/loader:960:12)
    at Object.<anonymous> (/data/data/com.termux/files/usr/lib/node_modules/pm2/lib/ProcessContainerFork.js:33:23)
    at Module._compile (node:internal/modules/cjs/loader:1255:14)
    at Module._extensions..js (node:internal/modules/cjs/loader:1309:10)
    at Module.load (node:internal/modules/cjs/loader:1113:32)
    at Module._load (node:internal/modules/cjs/loader:960:12)
    at Function.executeUserEntryPoint [as runMain] (node:internal/modules/run_main:83:12)
    at node:internal/main/run_main_module:23:47 {
  code: 'EADDRINUSE',
  errno: -98,
  syscall: 'listen',
  address: '::',
  port: 3000
}
Error: listen EADDRINUSE: address already in use :::3000
    at Server.setupListenHandle [as _listen2] (node:net:1823:16)
    at listenInCluster (node:net:1871:12)
    at Server.listen (node:net:1959:7)
    at Object.<anonymous> (/data/data/com.termux/files/home/server.js:62:8)
    at Module._compile (node:internal/modules/cjs/loader:1255:14)
    at Module._extensions..js (node:internal/modules/cjs/loader:1309:10)
    at Module.load (node:internal/modules/cjs/loader:1113:32)
    at Module._load (node:internal/modules/cjs/loader:960:12)
    at Object.<anonymous> (/data/data/com.termux/files/usr/lib/node_modules/pm2/lib/ProcessContainerFork.js:33:23)
    at Module._compile (node:internal/modules/cjs/loader:1255:14)
    at Module._extensions..js (node:internal/modules/cjs/loader:1309:10)
    at Module.load (node:internal/modules/cjs/loader:1113:32)
    at Module._load (node:internal/modules/cjs/loader:960:12)
    at Function.executeUserEntryPoint [as runMain] (node:internal/modules/run_main:83:12)
    at node:internal/main/run_main_module:23:47 {
  code: 'EADDRINUSE',
  errno: -98,
  syscall: 'listen',
  address: '::',
  port: 3000
}
Error: listen EADDRINUSE: address already in use :::3000
    at Server.setupListenHandle [as _listen2] (node:net:1823:16)
    at listenInCluster (node:net:1871:12)
    at Server.listen (node:net:1959:7)
    at Object.<anonymous> (/data/data/com.termux/files/home/server.js:62:8)
    at Module._compile (node:internal/modules/cjs/loader:1255:14)
    at Module._extensions..js (node:internal/modules/cjs/loader:1309:10)
    at Module.load (node:internal/modules/cjs/loader:1113:32)
    at Module._load (node:internal/modules/cjs/loader:960:12)
    at Object.<anonymous> (/data/data/com.termux/files/usr/lib/node_modules/pm2/lib/ProcessContainerFork.js:33:23)
    at Module._compile (node:internal/modules/cjs/loader:1255:14)
    at Module._extensions..js (node:internal/modules/cjs/loader:1309:10)
    at Module.load (node:internal/modules/cjs/loader:1113:32)
    at Module._load (node:internal/modules/cjs/loader:960:12)
    at Function.executeUserEntryPoint [as runMain] (node:internal/modules/run_main:83:12)
    at node:internal/main/run_main_module:23:47 {
  code: 'EADDRINUSE',
  errno: -98,
  syscall: 'listen',
  address: '::',
  port: 3000
}
Error: listen EADDRINUSE: address already in use :::3000
    at Server.setupListenHandle [as _listen2] (node:net:1823:16)
    at listenInCluster (node:net:1871:12)
    at Server.listen (node:net:1959:7)
    at Object.<anonymous> (/data/data/com.termux/files/home/server.js:62:8)
    at Module._compile (node:internal/modules/cjs/loader:1255:14)
    at Module._extensions..js (node:internal/modules/cjs/loader:1309:10)
    at Module.load (node:internal/modules/cjs/loader:1113:32)
    at Module._load (node:internal/modules/cjs/loader:960:12)
    at Object.<anonymous> (/data/data/com.termux/files/usr/lib/node_modules/pm2/lib/ProcessContainerFork.js:33:23)
    at Module._compile (node:internal/modules/cjs/loader:1255:14)
    at Module._extensions..js (node:internal/modules/cjs/loader:1309:10)
    at Module.load (node:internal/modules/cjs/loader:1113:32)
    at Module._load (node:internal/modules/cjs/loader:960:12)
    at Function.executeUserEntryPoint [as runMain] (node:internal/modules/run_main:83:12)
    at node:internal/main/run_main_module:23:47 {
  code: 'EADDRINUSE',
  errno: -98,
  syscall: 'listen',
  address: '::',
  port: 3000
}
Error: listen EADDRINUSE: address already in use :::3000
    at Server.setupListenHandle [as _listen2] (node:net:1823:16)
    at listenInCluster (node:net:1871:12)
    at Server.listen (node:net:1959:7)
    at Object.<anonymous> (/data/data/com.termux/files/home/server.js:62:8)
    at Module._compile (node:internal/modules/cjs/loader:1255:14)
    at Module._extensions..js (node:internal/modules/cjs/loader:1309:10)
    at Module.load (node:internal/modules/cjs/loader:1113:32)
    at Module._load (node:internal/modules/cjs/loader:960:12)
    at Object.<anonymous> (/data/data/com.termux/files/usr/lib/node_modules/pm2/lib/ProcessContainerFork.js:33:23)
    at Module._compile (node:internal/modules/cjs/loader:1255:14)
    at Module._extensions..js (node:internal/modules/cjs/loader:1309:10)
    at Module.load (node:internal/modules/cjs/loader:1113:32)
    at Module._load (node:internal/modules/cjs/loader:960:12)
    at Function.executeUserEntryPoint [as runMain] (node:internal/modules/run_main:83:12)
    at node:internal/main/run_main_module:23:47 {
  code: 'EADDRINUSE',
  errno: -98,
  syscall: 'listen',
  address: '::',
  port: 3000
}
Error: listen EADDRINUSE: address already in use :::3000
    at Server.setupListenHandle [as _listen2] (node:net:1823:16)
    at listenInCluster (node:net:1871:12)
    at Server.listen (node:net:1959:7)
    at Object.<anonymous> (/data/data/com.termux/files/home/server.js:62:8)
    at Module._compile (node:internal/modules/cjs/loader:1255:14)
    at Module._extensions..js (node:internal/modules/cjs/loader:1309:10)
    at Module.load (node:internal/modules/cjs/loader:1113:32)
    at Module._load (node:internal/modules/cjs/loader:960:12)
    at Object.<anonymous> (/data/data/com.termux/files/usr/lib/node_modules/pm2/lib/ProcessContainerFork.js:33:23)
    at Module._compile (node:internal/modules/cjs/loader:1255:14)
    at Module._extensions..js (node:internal/modules/cjs/loader:1309:10)
    at Module.load (node:internal/modules/cjs/loader:1113:32)
    at Module._load (node:internal/modules/cjs/loader:960:12)
    at Function.executeUserEntryPoint [as runMain] (node:internal/modules/run_main:83:12)
    at node:internal/main/run_main_module:23:47 {
  code: 'EADDRINUSE',
  errno: -98,
  syscall: 'listen',
  address: '::',
  port: 3000
}
Error: listen EADDRINUSE: address already in use :::3000
    at Server.setupListenHandle [as _listen2] (node:net:1823:16)
    at listenInCluster (node:net:1871:12)
    at Server.listen (node:net:1959:7)
    at Object.<anonymous> (/data/data/com.termux/files/home/server.js:62:8)
    at Module._compile (node:internal/modules/cjs/loader:1255:14)
    at Module._extensions..js (node:internal/modules/cjs/loader:1309:10)
    at Module.load (node:internal/modules/cjs/loader:1113:32)
    at Module._load (node:internal/modules/cjs/loader:960:12)
    at Object.<anonymous> (/data/data/com.termux/files/usr/lib/node_modules/pm2/lib/ProcessContainerFork.js:33:23)
    at Module._compile (node:internal/modules/cjs/loader:1255:14)
    at Module._extensions..js (node:internal/modules/cjs/loader:1309:10)
    at Module.load (node:internal/modules/cjs/loader:1113:32)
    at Module._load (node:internal/modules/cjs/loader:960:12)
    at Function.executeUserEntryPoint [as runMain] (node:internal/modules/run_main:83:12)
    at node:internal/main/run_main_module:23:47 {
  code: 'EADDRINUSE',
  errno: -98,
  syscall: 'listen',
  address: '::',
  port: 3000
}
Error: listen EADDRINUSE: address already in use :::3000
    at Server.setupListenHandle [as _listen2] (node:net:1823:16)
    at listenInCluster (node:net:1871:12)
    at Server.listen (node:net:1959:7)
    at Object.<anonymous> (/data/data/com.termux/files/home/server.js:62:8)
    at Module._compile (node:internal/modules/cjs/loader:1255:14)
    at Module._extensions..js (node:internal/modules/cjs/loader:1309:10)
    at Module.load (node:internal/modules/cjs/loader:1113:32)
    at Module._load (node:internal/modules/cjs/loader:960:12)
    at Object.<anonymous> (/data/data/com.termux/files/usr/lib/node_modules/pm2/lib/ProcessContainerFork.js:33:23)
    at Module._compile (node:internal/modules/cjs/loader:1255:14)
    at Module._extensions..js (node:internal/modules/cjs/loader:1309:10)
    at Module.load (node:internal/modules/cjs/loader:1113:32)
    at Module._load (node:internal/modules/cjs/loader:960:12)
    at Function.executeUserEntryPoint [as runMain] (node:internal/modules/run_main:83:12)
    at node:internal/main/run_main_module:23:47 {
  code: 'EADDRINUSE',
  errno: -98,
  syscall: 'listen',
  address: '::',
  port: 3000
}
Error: listen EADDRINUSE: address already in use :::3000
    at Server.setupListenHandle [as _listen2] (node:net:1823:16)
    at listenInCluster (node:net:1871:12)
    at Server.listen (node:net:1959:7)
    at Object.<anonymous> (/data/data/com.termux/files/home/server.js:62:8)
    at Module._compile (node:internal/modules/cjs/loader:1255:14)
    at Module._extensions..js (node:internal/modules/cjs/loader:1309:10)
    at Module.load (node:internal/modules/cjs/loader:1113:32)
    at Module._load (node:internal/modules/cjs/loader:960:12)
    at Object.<anonymous> (/data/data/com.termux/files/usr/lib/node_modules/pm2/lib/ProcessContainerFork.js:33:23)
    at Module._compile (node:internal/modules/cjs/loader:1255:14)
    at Module._extensions..js (node:internal/modules/cjs/loader:1309:10)
    at Module.load (node:internal/modules/cjs/loader:1113:32)
    at Module._load (node:internal/modules/cjs/loader:960:12)
    at Function.executeUserEntryPoint [as runMain] (node:internal/modules/run_main:83:12)
    at node:internal/main/run_main_module:23:47 {
  code: 'EADDRINUSE',
  errno: -98,
  syscall: 'listen',
  address: '::',
  port: 3000
}
Error: listen EADDRINUSE: address already in use :::3000
    at Server.setupListenHandle [as _listen2] (node:net:1823:16)
    at listenInCluster (node:net:1871:12)
    at Server.listen (node:net:1959:7)
    at Object.<anonymous> (/data/data/com.termux/files/home/server.js:62:8)
    at Module._compile (node:internal/modules/cjs/loader:1255:14)
    at Module._extensions..js (node:internal/modules/cjs/loader:1309:10)
    at Module.load (node:internal/modules/cjs/loader:1113:32)
    at Module._load (node:internal/modules/cjs/loader:960:12)
    at Object.<anonymous> (/data/data/com.termux/files/usr/lib/node_modules/pm2/lib/ProcessContainerFork.js:33:23)
    at Module._compile (node:internal/modules/cjs/loader:1255:14)
    at Module._extensions..js (node:internal/modules/cjs/loader:1309:10)
    at Module.load (node:internal/modules/cjs/loader:1113:32)
    at Module._load (node:internal/modules/cjs/loader:960:12)
    at Function.executeUserEntryPoint [as runMain] (node:internal/modules/run_main:83:12)
    at node:internal/main/run_main_module:23:47 {
  code: 'EADDRINUSE',
  errno: -98,
  syscall: 'listen',
  address: '::',
  port: 3000
}
Error: listen EADDRINUSE: address already in use :::3000
    at Server.setupListenHandle [as _listen2] (node:net:1823:16)
    at listenInCluster (node:net:1871:12)
    at Server.listen (node:net:1959:7)
    at Object.<anonymous> (/data/data/com.termux/files/home/server.js:62:8)
    at Module._compile (node:internal/modules/cjs/loader:1255:14)
    at Module._extensions..js (node:internal/modules/cjs/loader:1309:10)
    at Module.load (node:internal/modules/cjs/loader:1113:32)
    at Module._load (node:internal/modules/cjs/loader:960:12)
    at Object.<anonymous> (/data/data/com.termux/files/usr/lib/node_modules/pm2/lib/ProcessContainerFork.js:33:23)
    at Module._compile (node:internal/modules/cjs/loader:1255:14)
    at Module._extensions..js (node:internal/modules/cjs/loader:1309:10)
    at Module.load (node:internal/modules/cjs/loader:1113:32)
    at Module._load (node:internal/modules/cjs/loader:960:12)
    at Function.executeUserEntryPoint [as runMain] (node:internal/modules/run_main:83:12)
    at node:internal/main/run_main_module:23:47 {
  code: 'EADDRINUSE',
  errno: -98,
  syscall: 'listen',
  address: '::',
  port: 3000
}
Error: listen EADDRINUSE: address already in use :::3000
    at Server.setupListenHandle [as _listen2] (node:net:1823:16)
    at listenInCluster (node:net:1871:12)
    at Server.listen (node:net:1959:7)
    at Object.<anonymous> (/data/data/com.termux/files/home/server.js:62:8)
    at Module._compile (node:internal/modules/cjs/loader:1255:14)
    at Module._extensions..js (node:internal/modules/cjs/loader:1309:10)
    at Module.load (node:internal/modules/cjs/loader:1113:32)
    at Module._load (node:internal/modules/cjs/loader:960:12)
    at Object.<anonymous> (/data/data/com.termux/files/usr/lib/node_modules/pm2/lib/ProcessContainerFork.js:33:23)
    at Module._compile (node:internal/modules/cjs/loader:1255:14)
    at Module._extensions..js (node:internal/modules/cjs/loader:1309:10)
    at Module.load (node:internal/modules/cjs/loader:1113:32)
    at Module._load (node:internal/modules/cjs/loader:960:12)
    at Function.executeUserEntryPoint [as runMain] (node:internal/modules/run_main:83:12)
    at node:internal/main/run_main_module:23:47 {
  code: 'EADDRINUSE',
  errno: -98,
  syscall: 'listen',
  address: '::',
  port: 3000
}
Error: listen EADDRINUSE: address already in use :::3000
    at Server.setupListenHandle [as _listen2] (node:net:1823:16)
    at listenInCluster (node:net:1871:12)
    at Server.listen (node:net:1959:7)
    at Object.<anonymous> (/data/data/com.termux/files/home/server.js:62:8)
    at Module._compile (node:internal/modules/cjs/loader:1255:14)
    at Module._extensions..js (node:internal/modules/cjs/loader:1309:10)
    at Module.load (node:internal/modules/cjs/loader:1113:32)
    at Module._load (node:internal/modules/cjs/loader:960:12)
    at Object.<anonymous> (/data/data/com.termux/files/usr/lib/node_modules/pm2/lib/ProcessContainerFork.js:33:23)
    at Module._compile (node:internal/modules/cjs/loader:1255:14)
    at Module._extensions..js (node:internal/modules/cjs/loader:1309:10)
    at Module.load (node:internal/modules/cjs/loader:1113:32)
    at Module._load (node:internal/modules/cjs/loader:960:12)
    at Function.executeUserEntryPoint [as runMain] (node:internal/modules/run_main:83:12)
    at node:internal/main/run_main_module:23:47 {
  code: 'EADDRINUSE',
  errno: -98,
  syscall: 'listen',
  address: '::',
  port: 3000
}
Error: listen EADDRINUSE: address already in use :::3000
    at Server.setupListenHandle [as _listen2] (node:net:1823:16)
    at listenInCluster (node:net:1871:12)
    at Server.listen (node:net:1959:7)
    at Object.<anonymous> (/data/data/com.termux/files/home/server.js:62:8)
    at Module._compile (node:internal/modules/cjs/loader:1255:14)
    at Module._extensions..js (node:internal/modules/cjs/loader:1309:10)
    at Module.load (node:internal/modules/cjs/loader:1113:32)
    at Module._load (node:internal/modules/cjs/loader:960:12)
    at Object.<anonymous> (/data/data/com.termux/files/usr/lib/node_modules/pm2/lib/ProcessContainerFork.js:33:23)
    at Module._compile (node:internal/modules/cjs/loader:1255:14)
    at Module._extensions..js (node:internal/modules/cjs/loader:1309:10)
    at Module.load (node:internal/modules/cjs/loader:1113:32)
    at Module._load (node:internal/modules/cjs/loader:960:12)
    at Function.executeUserEntryPoint [as runMain] (node:internal/modules/run_main:83:12)
    at node:internal/main/run_main_module:23:47 {
  code: 'EADDRINUSE',
  errno: -98,
  syscall: 'listen',
  address: '::',
  port: 3000
}
Error: listen EADDRINUSE: address already in use :::3000
    at Server.setupListenHandle [as _listen2] (node:net:1823:16)
    at listenInCluster (node:net:1871:12)
    at Server.listen (node:net:1959:7)
    at Object.<anonymous> (/data/data/com.termux/files/home/server.js:62:8)
    at Module._compile (node:internal/modules/cjs/loader:1255:14)
    at Module._extensions..js (node:internal/modules/cjs/loader:1309:10)
    at Module.load (node:internal/modules/cjs/loader:1113:32)
    at Module._load (node:internal/modules/cjs/loader:960:12)
    at Object.<anonymous> (/data/data/com.termux/files/usr/lib/node_modules/pm2/lib/ProcessContainerFork.js:33:23)
    at Module._compile (node:internal/modules/cjs/loader:1255:14)
    at Module._extensions..js (node:internal/modules/cjs/loader:1309:10)
    at Module.load (node:internal/modules/cjs/loader:1113:32)
    at Module._load (node:internal/modules/cjs/loader:960:12)
    at Function.executeUserEntryPoint [as runMain] (node:internal/modules/run_main:83:12)
    at node:internal/main/run_main_module:23:47 {
  code: 'EADDRINUSE',
  errno: -98,
  syscall: 'listen',
  address: '::',
  port: 3000
}
