0 verbose cli /data/data/com.termux/files/usr/bin/node /data/data/com.termux/files/usr/bin/npm
1 info using npm@9.6.6
2 info using node@v20.2.0
3 timing npm:load:whichnode Completed in 8ms
4 timing config:load:defaults Completed in 7ms
5 timing config:load:file:/data/data/com.termux/files/usr/lib/node_modules/npm/npmrc Completed in 10ms
6 timing config:load:builtin Completed in 10ms
7 timing config:load:cli Completed in 13ms
8 timing config:load:env Completed in 2ms
9 timing config:load:project Completed in 12ms
10 timing config:load:file:/data/data/com.termux/files/home/.npmrc Completed in 8ms
11 timing config:load:user Completed in 9ms
12 timing config:load:file:/data/data/com.termux/files/usr/etc/npmrc Completed in 0ms
13 timing config:load:global Completed in 2ms
14 timing config:load:setEnvs Completed in 5ms
15 timing config:load Completed in 65ms
16 timing npm:load:configload Completed in 65ms
17 timing npm:load:mkdirpcache Completed in 2ms
18 timing npm:load:mkdirplogs Completed in 1ms
19 verbose title npm install ws
20 verbose argv "install" "ws"
21 timing npm:load:setTitle Completed in 5ms
22 timing config:load:flatten Completed in 16ms
23 timing npm:load:display Completed in 21ms
24 verbose logfile logs-max:10 dir:/data/data/com.termux/files/home/.npm/_logs/2023-12-15T16_57_04_590Z-
25 verbose logfile /data/data/com.termux/files/home/.npm/_logs/2023-12-15T16_57_04_590Z-debug-0.log
26 timing npm:load:logFile Completed in 31ms
27 timing npm:load:timers Completed in 0ms
28 timing npm:load:configScope Completed in 1ms
29 timing npm:load Completed in 137ms
30 timing arborist:ctor Completed in 5ms
31 silly logfile done cleaning log files
32 timing idealTree:init Completed in 249ms
33 timing idealTree:userRequests Completed in 3ms
34 silly idealTree buildDeps
35 silly fetch manifest ws@*
36 timing arborist:ctor Completed in 1ms
37 http fetch GET 200 https://registry.npmjs.org/ws 457ms (cache miss)
38 silly fetch manifest bufferutil@^4.0.1
39 http fetch GET 200 https://registry.npmjs.org/bufferutil 309ms (cache miss)
40 silly fetch manifest utf-8-validate@>=5.0.2
41 http fetch GET 200 https://registry.npmjs.org/utf-8-validate 182ms (cache miss)
42 silly placeDep ROOT ws@8.15.1 OK for:  want: *
43 timing idealTree:#root Completed in 996ms
44 timing idealTree:node_modules/ws Completed in 0ms
45 timing idealTree:buildDeps Completed in 1000ms
46 timing idealTree:fixDepFlags Completed in 6ms
47 timing idealTree Completed in 1270ms
48 timing reify:loadTrees Completed in 1276ms
49 timing reify:diffTrees Completed in 26ms
50 silly reify moves {}
51 timing reify:retireShallow Completed in 8ms
52 timing reify:createSparse Completed in 9ms
53 timing reify:loadBundles Completed in 0ms
54 silly audit bulk request {
54 silly audit   accepts: [ '1.3.8' ],
54 silly audit   'array-flatten': [ '1.1.1' ],
54 silly audit   bluebird: [ '3.7.2' ],
54 silly audit   'body-parser': [ '1.20.1' ],
54 silly audit   bytes: [ '3.1.2' ],
54 silly audit   'call-bind': [ '1.0.5' ],
54 silly audit   'content-disposition': [ '0.5.4' ],
54 silly audit   'content-type': [ '1.0.5' ],
54 silly audit   cookie: [ '0.5.0' ],
54 silly audit   'cookie-signature': [ '1.0.6' ],
54 silly audit   csvtojson: [ '2.0.10' ],
54 silly audit   debug: [ '2.6.9' ],
54 silly audit   'define-data-property': [ '1.1.1' ],
54 silly audit   depd: [ '2.0.0' ],
54 silly audit   destroy: [ '1.2.0' ],
54 silly audit   'ee-first': [ '1.1.1' ],
54 silly audit   encodeurl: [ '1.0.2' ],
54 silly audit   'escape-html': [ '1.0.3' ],
54 silly audit   etag: [ '1.8.1' ],
54 silly audit   express: [ '4.18.2' ],
54 silly audit   finalhandler: [ '1.2.0' ],
54 silly audit   forwarded: [ '0.2.0' ],
54 silly audit   fresh: [ '0.5.2' ],
54 silly audit   'function-bind': [ '1.1.2' ],
54 silly audit   'get-intrinsic': [ '1.2.2' ],
54 silly audit   gopd: [ '1.0.1' ],
54 silly audit   'has-property-descriptors': [ '1.0.1' ],
54 silly audit   'has-proto': [ '1.0.1' ],
54 silly audit   'has-symbols': [ '1.0.3' ],
54 silly audit   hasown: [ '2.0.0' ],
54 silly audit   'http-errors': [ '2.0.0' ],
54 silly audit   'iconv-lite': [ '0.4.24' ],
54 silly audit   inherits: [ '2.0.4' ],
54 silly audit   'ipaddr.js': [ '1.9.1' ],
54 silly audit   'is-utf8': [ '0.2.1' ],
54 silly audit   lodash: [ '4.17.21' ],
54 silly audit   'media-typer': [ '0.3.0' ],
54 silly audit   'merge-descriptors': [ '1.0.1' ],
54 silly audit   methods: [ '1.1.2' ],
54 silly audit   mime: [ '1.6.0' ],
54 silly audit   'mime-db': [ '1.52.0' ],
54 silly audit   'mime-types': [ '2.1.35' ],
54 silly audit   ms: [ '2.0.0', '2.1.3' ],
54 silly audit   negotiator: [ '0.6.3' ],
54 silly audit   'object-inspect': [ '1.13.1' ],
54 silly audit   'on-finished': [ '2.4.1' ],
54 silly audit   parseurl: [ '1.3.3' ],
54 silly audit   'path-to-regexp': [ '0.1.7' ],
54 silly audit   'proxy-addr': [ '2.0.7' ],
54 silly audit   qs: [ '6.11.0' ],
54 silly audit   'range-parser': [ '1.2.1' ],
54 silly audit   'raw-body': [ '2.5.1' ],
54 silly audit   'safe-buffer': [ '5.2.1' ],
54 silly audit   'safer-buffer': [ '2.1.2' ],
54 silly audit   send: [ '0.18.0' ],
54 silly audit   'serve-static': [ '1.15.0' ],
54 silly audit   'set-function-length': [ '1.1.1' ],
54 silly audit   setprototypeof: [ '1.2.0' ],
54 silly audit   'side-channel': [ '1.0.4' ],
54 silly audit   statuses: [ '2.0.1' ],
54 silly audit   'strip-bom': [ '2.0.0' ],
54 silly audit   toidentifier: [ '1.0.1' ],
54 silly audit   'type-is': [ '1.6.18' ],
54 silly audit   unpipe: [ '1.0.0' ],
54 silly audit   'utils-merge': [ '1.0.1' ],
54 silly audit   vary: [ '1.1.2' ],
54 silly audit   ws: [ '8.15.1' ]
54 silly audit }
55 silly tarball no local data for ws@https://registry.npmjs.org/ws/-/ws-8.15.1.tgz. Extracting by manifest.
56 http fetch POST 200 https://registry.npmjs.org/-/npm/v1/security/advisories/bulk 1425ms
57 timing auditReport:getReport Completed in 1447ms
58 silly audit report {}
59 timing auditReport:init Completed in 0ms
60 timing reify:audit Completed in 1452ms
61 http fetch GET 200 https://registry.npmjs.org/ws/-/ws-8.15.1.tgz 15947ms attempt #2 (cache miss)
62 timing reifyNode:node_modules/ws Completed in 15990ms
63 timing reify:unpack Completed in 15992ms
64 timing reify:unretire Completed in 0ms
65 timing build:queue Completed in 1ms
66 timing build:deps Completed in 2ms
67 timing build Completed in 2ms
68 timing reify:build Completed in 3ms
69 timing reify:trash Completed in 0ms
70 timing reify:save Completed in 56ms
71 timing reify Completed in 17452ms
72 silly ADD node_modules/ws
73 timing command:install Completed in 17489ms
74 verbose exit 0
75 timing npm Completed in 18835ms
76 info ok
