0 verbose cli /data/data/com.termux/files/usr/bin/node /data/data/com.termux/files/usr/bin/npm
1 info using npm@9.6.6
2 info using node@v20.2.0
3 timing npm:load:whichnode Completed in 3ms
4 timing config:load:defaults Completed in 4ms
5 timing config:load:file:/data/data/com.termux/files/usr/lib/node_modules/npm/npmrc Completed in 4ms
6 timing config:load:builtin Completed in 5ms
7 timing config:load:cli Completed in 5ms
8 timing config:load:env Completed in 1ms
9 timing config:load:project Completed in 7ms
10 timing config:load:file:/data/data/com.termux/files/home/.npmrc Completed in 3ms
11 timing config:load:user Completed in 4ms
12 timing config:load:file:/data/data/com.termux/files/usr/etc/npmrc Completed in 0ms
13 timing config:load:global Completed in 1ms
14 timing config:load:setEnvs Completed in 2ms
15 timing config:load Completed in 31ms
16 timing npm:load:configload Completed in 32ms
17 timing npm:load:mkdirpcache Completed in 1ms
18 timing npm:load:mkdirplogs Completed in 1ms
19 verbose title npm install express csvtojson
20 verbose argv "install" "express" "csvtojson"
21 timing npm:load:setTitle Completed in 3ms
22 timing config:load:flatten Completed in 7ms
23 timing npm:load:display Completed in 8ms
24 verbose logfile logs-max:10 dir:/data/data/com.termux/files/home/.npm/_logs/2023-12-15T16_55_12_355Z-
25 verbose logfile /data/data/com.termux/files/home/.npm/_logs/2023-12-15T16_55_12_355Z-debug-0.log
26 timing npm:load:logFile Completed in 22ms
27 timing npm:load:timers Completed in 0ms
28 timing npm:load:configScope Completed in 0ms
29 timing npm:load Completed in 71ms
30 timing arborist:ctor Completed in 1ms
31 silly logfile done cleaning log files
32 timing idealTree:init Completed in 139ms
33 timing idealTree:userRequests Completed in 3ms
34 silly idealTree buildDeps
35 silly fetch manifest csvtojson@^2.0.10
36 timing arborist:ctor Completed in 0ms
37 http fetch GET 200 https://registry.npmjs.org/csvtojson 90ms (cache hit)
38 silly fetch manifest express@^4.18.2
39 http fetch GET 200 https://registry.npmjs.org/express 26ms (cache hit)
40 silly placeDep ROOT csvtojson@2.0.10 REPLACE for:  want: ^2.0.10
41 silly placeDep ROOT express@4.18.2 REPLACE for:  want: ^4.18.2
42 timing idealTree:#root Completed in 204ms
43 timing idealTree:node_modules/csvtojson Completed in 0ms
44 timing idealTree:node_modules/express Completed in 0ms
45 timing idealTree:buildDeps Completed in 209ms
46 timing idealTree:fixDepFlags Completed in 4ms
47 timing idealTree Completed in 365ms
48 timing reify:loadTrees Completed in 367ms
49 timing reify:diffTrees Completed in 16ms
50 silly reify moves {}
51 timing reify:retireShallow Completed in 6ms
52 timing reify:createSparse Completed in 1ms
53 timing reify:loadBundles Completed in 0ms
54 silly audit bulk request {
54 silly audit   accepts: [ '1.3.8' ],
54 silly audit   'array-flatten': [ '1.1.1' ],
54 silly audit   bluebird: [ '3.7.2' ],
54 silly audit   'body-parser': [ '1.20.1' ],
54 silly audit   bytes: [ '3.1.2' ],
54 silly audit   'call-bind': [ '1.0.5' ],
54 silly audit   'content-disposition': [ '0.5.4' ],
54 silly audit   'content-type': [ '1.0.5' ],
54 silly audit   cookie: [ '0.5.0' ],
54 silly audit   'cookie-signature': [ '1.0.6' ],
54 silly audit   debug: [ '2.6.9' ],
54 silly audit   'define-data-property': [ '1.1.1' ],
54 silly audit   depd: [ '2.0.0' ],
54 silly audit   destroy: [ '1.2.0' ],
54 silly audit   'ee-first': [ '1.1.1' ],
54 silly audit   encodeurl: [ '1.0.2' ],
54 silly audit   'escape-html': [ '1.0.3' ],
54 silly audit   etag: [ '1.8.1' ],
54 silly audit   finalhandler: [ '1.2.0' ],
54 silly audit   forwarded: [ '0.2.0' ],
54 silly audit   fresh: [ '0.5.2' ],
54 silly audit   'function-bind': [ '1.1.2' ],
54 silly audit   'get-intrinsic': [ '1.2.2' ],
54 silly audit   gopd: [ '1.0.1' ],
54 silly audit   'has-property-descriptors': [ '1.0.1' ],
54 silly audit   'has-proto': [ '1.0.1' ],
54 silly audit   'has-symbols': [ '1.0.3' ],
54 silly audit   hasown: [ '2.0.0' ],
54 silly audit   'http-errors': [ '2.0.0' ],
54 silly audit   'iconv-lite': [ '0.4.24' ],
54 silly audit   inherits: [ '2.0.4' ],
54 silly audit   'ipaddr.js': [ '1.9.1' ],
54 silly audit   'is-utf8': [ '0.2.1' ],
54 silly audit   lodash: [ '4.17.21' ],
54 silly audit   'media-typer': [ '0.3.0' ],
54 silly audit   'merge-descriptors': [ '1.0.1' ],
54 silly audit   methods: [ '1.1.2' ],
54 silly audit   mime: [ '1.6.0' ],
54 silly audit   'mime-db': [ '1.52.0' ],
54 silly audit   'mime-types': [ '2.1.35' ],
54 silly audit   ms: [ '2.0.0', '2.1.3' ],
54 silly audit   negotiator: [ '0.6.3' ],
54 silly audit   'object-inspect': [ '1.13.1' ],
54 silly audit   'on-finished': [ '2.4.1' ],
54 silly audit   parseurl: [ '1.3.3' ],
54 silly audit   'path-to-regexp': [ '0.1.7' ],
54 silly audit   'proxy-addr': [ '2.0.7' ],
54 silly audit   qs: [ '6.11.0' ],
54 silly audit   'range-parser': [ '1.2.1' ],
54 silly audit   'raw-body': [ '2.5.1' ],
54 silly audit   'safe-buffer': [ '5.2.1' ],
54 silly audit   'safer-buffer': [ '2.1.2' ],
54 silly audit   send: [ '0.18.0' ],
54 silly audit   'serve-static': [ '1.15.0' ],
54 silly audit   'set-function-length': [ '1.1.1' ],
54 silly audit   setprototypeof: [ '1.2.0' ],
54 silly audit   'side-channel': [ '1.0.4' ],
54 silly audit   statuses: [ '2.0.1' ],
54 silly audit   'strip-bom': [ '2.0.0' ],
54 silly audit   toidentifier: [ '1.0.1' ],
54 silly audit   'type-is': [ '1.6.18' ],
54 silly audit   unpipe: [ '1.0.0' ],
54 silly audit   'utils-merge': [ '1.0.1' ],
54 silly audit   vary: [ '1.1.2' ],
54 silly audit   csvtojson: [ '2.0.10' ],
54 silly audit   express: [ '4.18.2' ]
54 silly audit }
55 timing reify:unpack Completed in 8ms
56 timing reify:unretire Completed in 0ms
57 timing build:queue Completed in 0ms
58 timing build:deps Completed in 2ms
59 timing build Completed in 3ms
60 timing reify:build Completed in 6ms
61 timing reify:trash Completed in 0ms
62 timing reify:save Completed in 186ms
63 http fetch POST 200 https://registry.npmjs.org/-/npm/v1/security/advisories/bulk 765ms
64 timing auditReport:getReport Completed in 786ms
65 silly audit report {}
66 timing auditReport:init Completed in 0ms
67 timing reify:audit Completed in 791ms
68 timing reify Completed in 1196ms
69 timing command:install Completed in 1230ms
70 verbose exit 0
71 timing npm Completed in 1712ms
72 info ok
