0 verbose cli /data/data/com.termux/files/usr/bin/node /data/data/com.termux/files/usr/bin/npm
1 info using npm@9.6.6
2 info using node@v20.2.0
3 timing npm:load:whichnode Completed in 6ms
4 timing config:load:defaults Completed in 8ms
5 timing config:load:file:/data/data/com.termux/files/usr/lib/node_modules/npm/npmrc Completed in 5ms
6 timing config:load:builtin Completed in 5ms
7 timing config:load:cli Completed in 6ms
8 timing config:load:env Completed in 1ms
9 timing config:load:project Completed in 11ms
10 timing config:load:file:/data/data/com.termux/files/home/.npmrc Completed in 6ms
11 timing config:load:user Completed in 6ms
12 timing config:load:file:/data/data/com.termux/files/usr/etc/npmrc Completed in 1ms
13 timing config:load:global Completed in 1ms
14 timing config:load:setEnvs Completed in 3ms
15 timing config:load Completed in 44ms
16 timing npm:load:configload Completed in 46ms
17 timing npm:load:mkdirpcache Completed in 1ms
18 timing npm:load:mkdirplogs Completed in 1ms
19 verbose title npm outdated
20 verbose argv "outdated"
21 timing npm:load:setTitle Completed in 5ms
22 timing config:load:flatten Completed in 9ms
23 timing npm:load:display Completed in 13ms
24 verbose logfile logs-max:10 dir:/data/data/com.termux/files/home/.npm/_logs/2023-12-16T03_52_30_556Z-
25 verbose logfile /data/data/com.termux/files/home/.npm/_logs/2023-12-16T03_52_30_556Z-debug-0.log
26 timing npm:load:logFile Completed in 27ms
27 timing npm:load:timers Completed in 1ms
28 timing npm:load:configScope Completed in 0ms
29 timing npm:load Completed in 103ms
30 timing arborist:ctor Completed in 4ms
31 silly logfile done cleaning log files
32 timing arborist:ctor Completed in 1ms
33 http fetch GET 200 https://registry.npmjs.org/csvtojson 454ms (cache revalidated)
34 http fetch GET 200 https://registry.npmjs.org/uuid 463ms (cache revalidated)
35 http fetch GET 200 https://registry.npmjs.org/ws 472ms (cache revalidated)
36 http fetch GET 200 https://registry.npmjs.org/express 496ms (cache revalidated)
37 timing command:outdated Completed in 1161ms
38 verbose exit 0
39 timing npm Completed in 2125ms
40 info ok
