0 verbose cli /data/data/com.termux/files/usr/bin/node /data/data/com.termux/files/usr/bin/npm
1 info using npm@9.6.6
2 info using node@v20.2.0
3 timing npm:load:whichnode Completed in 4ms
4 timing config:load:defaults Completed in 5ms
5 timing config:load:file:/data/data/com.termux/files/usr/lib/node_modules/npm/npmrc Completed in 1ms
6 timing config:load:builtin Completed in 1ms
7 timing config:load:cli Completed in 6ms
8 timing config:load:env Completed in 0ms
9 timing config:load:file:/data/data/com.termux/files/home/my-node-server/.npmrc Completed in 0ms
10 timing config:load:project Completed in 16ms
11 timing config:load:file:/data/data/com.termux/files/home/.npmrc Completed in 9ms
12 timing config:load:user Completed in 10ms
13 timing config:load:file:/data/data/com.termux/files/usr/etc/npmrc Completed in 0ms
14 timing config:load:global Completed in 1ms
15 timing config:load:setEnvs Completed in 4ms
16 timing config:load Completed in 45ms
17 timing npm:load:configload Completed in 45ms
18 timing npm:load:mkdirpcache Completed in 0ms
19 timing npm:load:mkdirplogs Completed in 1ms
20 verbose title npm install express csvtojson
21 verbose argv "install" "express" "csvtojson"
22 timing npm:load:setTitle Completed in 6ms
23 timing config:load:flatten Completed in 8ms
24 timing npm:load:display Completed in 10ms
25 verbose logfile logs-max:10 dir:/data/data/com.termux/files/home/.npm/_logs/2023-12-15T15_39_33_990Z-
26 verbose logfile /data/data/com.termux/files/home/.npm/_logs/2023-12-15T15_39_33_990Z-debug-0.log
27 timing npm:load:logFile Completed in 26ms
28 timing npm:load:timers Completed in 1ms
29 timing npm:load:configScope Completed in 0ms
30 timing npm:load Completed in 97ms
31 timing arborist:ctor Completed in 6ms
32 silly logfile done cleaning log files
33 timing idealTree:init Completed in 291ms
34 timing idealTree:userRequests Completed in 3ms
35 silly idealTree buildDeps
36 silly fetch manifest express@^4.18.2
37 timing arborist:ctor Completed in 0ms
38 http fetch GET 200 https://registry.npmjs.org/express 80ms (cache hit)
39 silly fetch manifest csvtojson@*
40 http fetch GET 200 https://registry.npmjs.org/csvtojson 76670ms attempt #3 (cache miss)
41 silly placeDep ROOT csvtojson@2.0.10 OK for: my-node-server@1.0.0 want: *
42 silly fetch manifest bluebird@^3.5.1
43 silly fetch manifest lodash@^4.17.3
44 silly fetch manifest strip-bom@^2.0.0
45 silly placeDep ROOT express@4.18.2 REPLACE for: my-node-server@1.0.0 want: ^4.18.2
46 http fetch GET 200 https://registry.npmjs.org/bluebird 217ms (cache miss)
47 http fetch GET 200 https://registry.npmjs.org/strip-bom 382ms (cache miss)
48 http fetch GET 200 https://registry.npmjs.org/lodash 412ms (cache miss)
49 timing idealTree:#root Completed in 77226ms
50 silly placeDep ROOT bluebird@3.7.2 OK for: csvtojson@2.0.10 want: ^3.5.1
51 silly placeDep ROOT lodash@4.17.21 OK for: csvtojson@2.0.10 want: ^4.17.3
52 silly placeDep ROOT strip-bom@2.0.0 OK for: csvtojson@2.0.10 want: ^2.0.0
53 silly fetch manifest is-utf8@^0.2.0
54 http fetch GET 200 https://registry.npmjs.org/is-utf8 101ms (cache miss)
55 timing idealTree:node_modules/csvtojson Completed in 128ms
56 timing idealTree:node_modules/bluebird Completed in 0ms
57 timing idealTree:node_modules/express Completed in 1ms
58 timing idealTree:node_modules/lodash Completed in 0ms
59 silly placeDep ROOT is-utf8@0.2.1 OK for: strip-bom@2.0.0 want: ^0.2.0
60 timing idealTree:node_modules/strip-bom Completed in 9ms
61 timing idealTree:node_modules/is-utf8 Completed in 0ms
62 timing idealTree:buildDeps Completed in 77371ms
63 timing idealTree:fixDepFlags Completed in 4ms
64 timing idealTree Completed in 77684ms
65 timing reify:loadTrees Completed in 77690ms
66 timing reify:diffTrees Completed in 26ms
67 silly reify moves {}
68 timing reify:retireShallow Completed in 8ms
69 timing reify:createSparse Completed in 13ms
70 timing reify:loadBundles Completed in 0ms
71 silly audit bulk request {
71 silly audit   accepts: [ '1.3.8' ],
71 silly audit   'array-flatten': [ '1.1.1' ],
71 silly audit   'body-parser': [ '1.20.1' ],
71 silly audit   bytes: [ '3.1.2' ],
71 silly audit   'call-bind': [ '1.0.5' ],
71 silly audit   'content-disposition': [ '0.5.4' ],
71 silly audit   'content-type': [ '1.0.5' ],
71 silly audit   cookie: [ '0.5.0' ],
71 silly audit   'cookie-signature': [ '1.0.6' ],
71 silly audit   debug: [ '2.6.9' ],
71 silly audit   'define-data-property': [ '1.1.1' ],
71 silly audit   depd: [ '2.0.0' ],
71 silly audit   destroy: [ '1.2.0' ],
71 silly audit   'ee-first': [ '1.1.1' ],
71 silly audit   encodeurl: [ '1.0.2' ],
71 silly audit   'escape-html': [ '1.0.3' ],
71 silly audit   etag: [ '1.8.1' ],
71 silly audit   finalhandler: [ '1.2.0' ],
71 silly audit   forwarded: [ '0.2.0' ],
71 silly audit   fresh: [ '0.5.2' ],
71 silly audit   'function-bind': [ '1.1.2' ],
71 silly audit   'get-intrinsic': [ '1.2.2' ],
71 silly audit   gopd: [ '1.0.1' ],
71 silly audit   'has-property-descriptors': [ '1.0.1' ],
71 silly audit   'has-proto': [ '1.0.1' ],
71 silly audit   'has-symbols': [ '1.0.3' ],
71 silly audit   hasown: [ '2.0.0' ],
71 silly audit   'http-errors': [ '2.0.0' ],
71 silly audit   'iconv-lite': [ '0.4.24' ],
71 silly audit   inherits: [ '2.0.4' ],
71 silly audit   'ipaddr.js': [ '1.9.1' ],
71 silly audit   'media-typer': [ '0.3.0' ],
71 silly audit   'merge-descriptors': [ '1.0.1' ],
71 silly audit   methods: [ '1.1.2' ],
71 silly audit   mime: [ '1.6.0' ],
71 silly audit   'mime-db': [ '1.52.0' ],
71 silly audit   'mime-types': [ '2.1.35' ],
71 silly audit   ms: [ '2.0.0', '2.1.3' ],
71 silly audit   negotiator: [ '0.6.3' ],
71 silly audit   'object-inspect': [ '1.13.1' ],
71 silly audit   'on-finished': [ '2.4.1' ],
71 silly audit   parseurl: [ '1.3.3' ],
71 silly audit   'path-to-regexp': [ '0.1.7' ],
71 silly audit   'proxy-addr': [ '2.0.7' ],
71 silly audit   qs: [ '6.11.0' ],
71 silly audit   'range-parser': [ '1.2.1' ],
71 silly audit   'raw-body': [ '2.5.1' ],
71 silly audit   'safe-buffer': [ '5.2.1' ],
71 silly audit   'safer-buffer': [ '2.1.2' ],
71 silly audit   send: [ '0.18.0' ],
71 silly audit   'serve-static': [ '1.15.0' ],
71 silly audit   'set-function-length': [ '1.1.1' ],
71 silly audit   setprototypeof: [ '1.2.0' ],
71 silly audit   'side-channel': [ '1.0.4' ],
71 silly audit   statuses: [ '2.0.1' ],
71 silly audit   toidentifier: [ '1.0.1' ],
71 silly audit   'type-is': [ '1.6.18' ],
71 silly audit   unpipe: [ '1.0.0' ],
71 silly audit   'utils-merge': [ '1.0.1' ],
71 silly audit   vary: [ '1.1.2' ],
71 silly audit   csvtojson: [ '2.0.10' ],
71 silly audit   express: [ '4.18.2' ],
71 silly audit   bluebird: [ '3.7.2' ],
71 silly audit   lodash: [ '4.17.21' ],
71 silly audit   'strip-bom': [ '2.0.0' ],
71 silly audit   'is-utf8': [ '0.2.1' ]
71 silly audit }
72 silly tarball no local data for is-utf8@https://registry.npmjs.org/is-utf8/-/is-utf8-0.2.1.tgz. Extracting by manifest.
73 silly tarball no local data for strip-bom@https://registry.npmjs.org/strip-bom/-/strip-bom-2.0.0.tgz. Extracting by manifest.
74 silly tarball no local data for lodash@https://registry.npmjs.org/lodash/-/lodash-4.17.21.tgz. Extracting by manifest.
75 silly tarball no local data for bluebird@https://registry.npmjs.org/bluebird/-/bluebird-3.7.2.tgz. Extracting by manifest.
76 silly tarball no local data for csvtojson@https://registry.npmjs.org/csvtojson/-/csvtojson-2.0.10.tgz. Extracting by manifest.
77 http fetch GET 200 https://registry.npmjs.org/strip-bom/-/strip-bom-2.0.0.tgz 337ms (cache miss)
78 timing reifyNode:node_modules/strip-bom Completed in 389ms
79 http fetch GET 200 https://registry.npmjs.org/is-utf8/-/is-utf8-0.2.1.tgz 350ms (cache miss)
80 timing reifyNode:node_modules/is-utf8 Completed in 398ms
81 http fetch POST 200 https://registry.npmjs.org/-/npm/v1/security/advisories/bulk 701ms
82 timing auditReport:getReport Completed in 726ms
83 silly audit report {}
84 timing auditReport:init Completed in 0ms
85 timing reify:audit Completed in 729ms
86 http fetch GET 200 https://registry.npmjs.org/bluebird/-/bluebird-3.7.2.tgz 1034ms (cache miss)
87 timing reifyNode:node_modules/bluebird Completed in 1091ms
88 http fetch GET 200 https://registry.npmjs.org/csvtojson/-/csvtojson-2.0.10.tgz 2216ms (cache miss)
89 timing reifyNode:node_modules/csvtojson Completed in 2281ms
90 http fetch GET 200 https://registry.npmjs.org/lodash/-/lodash-4.17.21.tgz 2250ms (cache miss)
91 timing reifyNode:node_modules/lodash Completed in 2305ms
92 timing reify:unpack Completed in 2308ms
93 timing reify:unretire Completed in 1ms
94 timing build:queue Completed in 3ms
95 timing build:link:node_modules/csvtojson Completed in 15ms
96 timing build:link Completed in 16ms
97 timing build:deps Completed in 21ms
98 timing build Completed in 22ms
99 timing reify:build Completed in 25ms
100 timing reify:trash Completed in 0ms
101 timing reify:save Completed in 112ms
102 timing reify Completed in 80273ms
103 silly ADD node_modules/is-utf8
104 silly ADD node_modules/strip-bom
105 silly ADD node_modules/lodash
106 silly ADD node_modules/bluebird
107 silly ADD node_modules/csvtojson
108 timing command:install Completed in 80311ms
109 verbose exit 0
110 timing npm Completed in 81882ms
111 info ok
