0 verbose cli /data/data/com.termux/files/usr/bin/node /data/data/com.termux/files/usr/bin/npm
1 info using npm@9.6.6
2 info using node@v20.2.0
3 timing npm:load:whichnode Completed in 8ms
4 timing config:load:defaults Completed in 9ms
5 timing config:load:file:/data/data/com.termux/files/usr/lib/node_modules/npm/npmrc Completed in 1ms
6 timing config:load:builtin Completed in 2ms
7 timing config:load:cli Completed in 28ms
8 timing config:load:env Completed in 1ms
9 timing config:load:project Completed in 6ms
10 timing config:load:file:/data/data/com.termux/files/home/.npmrc Completed in 9ms
11 timing config:load:user Completed in 9ms
12 timing config:load:file:/data/data/com.termux/files/usr/etc/npmrc Completed in 0ms
13 timing config:load:global Completed in 2ms
14 timing config:load:setEnvs Completed in 4ms
15 timing config:load Completed in 65ms
16 timing npm:load:configload Completed in 66ms
17 timing npm:load:mkdirpcache Completed in 1ms
18 timing npm:load:mkdirplogs Completed in 2ms
19 verbose title npm install csvtojson
20 verbose argv "install" "csvtojson"
21 timing npm:load:setTitle Completed in 7ms
22 timing config:load:flatten Completed in 15ms
23 timing npm:load:display Completed in 19ms
24 verbose logfile logs-max:10 dir:/data/data/com.termux/files/home/.npm/_logs/2023-12-15T18_36_11_861Z-
25 verbose logfile /data/data/com.termux/files/home/.npm/_logs/2023-12-15T18_36_11_861Z-debug-0.log
26 timing npm:load:logFile Completed in 35ms
27 timing npm:load:timers Completed in 0ms
28 timing npm:load:configScope Completed in 1ms
29 timing npm:load Completed in 140ms
30 timing arborist:ctor Completed in 5ms
31 silly logfile done cleaning log files
32 timing idealTree:init Completed in 271ms
33 timing idealTree:userRequests Completed in 4ms
34 silly idealTree buildDeps
35 silly fetch manifest csvtojson@^2.0.10
36 timing arborist:ctor Completed in 0ms
37 http fetch GET 200 https://registry.npmjs.org/csvtojson 5857ms (cache revalidated)
38 silly placeDep ROOT csvtojson@2.0.10 REPLACE for:  want: ^2.0.10
39 timing idealTree:#root Completed in 5906ms
40 timing idealTree:node_modules/csvtojson Completed in 0ms
41 timing idealTree:buildDeps Completed in 5912ms
42 timing idealTree:fixDepFlags Completed in 4ms
43 timing idealTree Completed in 6205ms
44 timing reify:loadTrees Completed in 6212ms
45 timing reify:diffTrees Completed in 22ms
46 silly reify moves {}
47 timing reify:retireShallow Completed in 8ms
48 timing reify:createSparse Completed in 0ms
49 timing reify:loadBundles Completed in 0ms
50 silly audit bulk request {
50 silly audit   accepts: [ '1.3.8' ],
50 silly audit   'array-flatten': [ '1.1.1' ],
50 silly audit   bluebird: [ '3.7.2' ],
50 silly audit   'body-parser': [ '1.20.1' ],
50 silly audit   bytes: [ '3.1.2' ],
50 silly audit   'call-bind': [ '1.0.5' ],
50 silly audit   'content-disposition': [ '0.5.4' ],
50 silly audit   'content-type': [ '1.0.5' ],
50 silly audit   cookie: [ '0.5.0' ],
50 silly audit   'cookie-signature': [ '1.0.6' ],
50 silly audit   debug: [ '2.6.9' ],
50 silly audit   'define-data-property': [ '1.1.1' ],
50 silly audit   depd: [ '2.0.0' ],
50 silly audit   destroy: [ '1.2.0' ],
50 silly audit   'ee-first': [ '1.1.1' ],
50 silly audit   encodeurl: [ '1.0.2' ],
50 silly audit   'escape-html': [ '1.0.3' ],
50 silly audit   etag: [ '1.8.1' ],
50 silly audit   express: [ '4.18.2' ],
50 silly audit   finalhandler: [ '1.2.0' ],
50 silly audit   forwarded: [ '0.2.0' ],
50 silly audit   fresh: [ '0.5.2' ],
50 silly audit   'function-bind': [ '1.1.2' ],
50 silly audit   'get-intrinsic': [ '1.2.2' ],
50 silly audit   gopd: [ '1.0.1' ],
50 silly audit   'has-property-descriptors': [ '1.0.1' ],
50 silly audit   'has-proto': [ '1.0.1' ],
50 silly audit   'has-symbols': [ '1.0.3' ],
50 silly audit   hasown: [ '2.0.0' ],
50 silly audit   'http-errors': [ '2.0.0' ],
50 silly audit   'iconv-lite': [ '0.4.24' ],
50 silly audit   inherits: [ '2.0.4' ],
50 silly audit   'ipaddr.js': [ '1.9.1' ],
50 silly audit   'is-utf8': [ '0.2.1' ],
50 silly audit   lodash: [ '4.17.21' ],
50 silly audit   'media-typer': [ '0.3.0' ],
50 silly audit   'merge-descriptors': [ '1.0.1' ],
50 silly audit   methods: [ '1.1.2' ],
50 silly audit   mime: [ '1.6.0' ],
50 silly audit   'mime-db': [ '1.52.0' ],
50 silly audit   'mime-types': [ '2.1.35' ],
50 silly audit   ms: [ '2.0.0', '2.1.3' ],
50 silly audit   negotiator: [ '0.6.3' ],
50 silly audit   'object-inspect': [ '1.13.1' ],
50 silly audit   'on-finished': [ '2.4.1' ],
50 silly audit   parseurl: [ '1.3.3' ],
50 silly audit   'path-to-regexp': [ '0.1.7' ],
50 silly audit   'proxy-addr': [ '2.0.7' ],
50 silly audit   qs: [ '6.11.0' ],
50 silly audit   'range-parser': [ '1.2.1' ],
50 silly audit   'raw-body': [ '2.5.1' ],
50 silly audit   'safe-buffer': [ '5.2.1' ],
50 silly audit   'safer-buffer': [ '2.1.2' ],
50 silly audit   send: [ '0.18.0' ],
50 silly audit   'serve-static': [ '1.15.0' ],
50 silly audit   'set-function-length': [ '1.1.1' ],
50 silly audit   setprototypeof: [ '1.2.0' ],
50 silly audit   'side-channel': [ '1.0.4' ],
50 silly audit   statuses: [ '2.0.1' ],
50 silly audit   'strip-bom': [ '2.0.0' ],
50 silly audit   toidentifier: [ '1.0.1' ],
50 silly audit   'type-is': [ '1.6.18' ],
50 silly audit   unpipe: [ '1.0.0' ],
50 silly audit   'utils-merge': [ '1.0.1' ],
50 silly audit   vary: [ '1.1.2' ],
50 silly audit   ws: [ '8.15.1' ],
50 silly audit   csvtojson: [ '2.0.10' ]
50 silly audit }
51 timing reify:unpack Completed in 2ms
52 timing reify:unretire Completed in 1ms
53 timing build:queue Completed in 0ms
54 timing build:deps Completed in 2ms
55 timing build Completed in 3ms
56 timing reify:build Completed in 5ms
57 timing reify:trash Completed in 0ms
58 timing reify:save Completed in 101ms
59 http fetch POST 200 https://registry.npmjs.org/-/npm/v1/security/advisories/bulk 495ms
60 timing auditReport:getReport Completed in 520ms
61 silly audit report {}
62 timing auditReport:init Completed in 0ms
63 timing reify:audit Completed in 524ms
64 timing reify Completed in 6795ms
65 timing command:install Completed in 6844ms
66 verbose exit 0
67 timing npm Completed in 8290ms
68 info ok
