0 verbose cli /data/data/com.termux/files/usr/bin/node /data/data/com.termux/files/usr/bin/npm
1 info using npm@9.6.6
2 info using node@v20.2.0
3 timing npm:load:whichnode Completed in 6ms
4 timing config:load:defaults Completed in 6ms
5 timing config:load:file:/data/data/com.termux/files/usr/lib/node_modules/npm/npmrc Completed in 1ms
6 timing config:load:builtin Completed in 2ms
7 timing config:load:cli Completed in 5ms
8 timing config:load:env Completed in 1ms
9 timing config:load:file:/data/data/com.termux/files/home/my-node-server/.npmrc Completed in 0ms
10 timing config:load:project Completed in 16ms
11 timing config:load:file:/data/data/com.termux/files/home/.npmrc Completed in 6ms
12 timing config:load:user Completed in 7ms
13 timing config:load:file:/data/data/com.termux/files/usr/etc/npmrc Completed in 1ms
14 timing config:load:global Completed in 1ms
15 timing config:load:setEnvs Completed in 3ms
16 timing config:load Completed in 43ms
17 timing npm:load:configload Completed in 43ms
18 timing npm:load:mkdirpcache Completed in 2ms
19 timing npm:load:mkdirplogs Completed in 2ms
20 verbose title npm install express csvtojson
21 verbose argv "install" "express" "csvtojson"
22 timing npm:load:setTitle Completed in 4ms
23 timing config:load:flatten Completed in 8ms
24 timing npm:load:display Completed in 10ms
25 verbose logfile logs-max:10 dir:/data/data/com.termux/files/home/.npm/_logs/2023-12-15T15_41_21_376Z-
26 verbose logfile /data/data/com.termux/files/home/.npm/_logs/2023-12-15T15_41_21_376Z-debug-0.log
27 timing npm:load:logFile Completed in 25ms
28 timing npm:load:timers Completed in 0ms
29 timing npm:load:configScope Completed in 0ms
30 timing npm:load Completed in 96ms
31 timing arborist:ctor Completed in 5ms
32 silly logfile done cleaning log files
33 timing idealTree:init Completed in 322ms
34 timing idealTree:userRequests Completed in 3ms
35 silly idealTree buildDeps
36 silly fetch manifest csvtojson@^2.0.10
37 timing arborist:ctor Completed in 1ms
38 http fetch GET 200 https://registry.npmjs.org/csvtojson 72ms (cache hit)
39 silly fetch manifest express@^4.18.2
40 http fetch GET 200 https://registry.npmjs.org/express 18ms (cache hit)
41 silly placeDep ROOT csvtojson@2.0.10 REPLACE for: my-node-server@1.0.0 want: ^2.0.10
42 silly placeDep ROOT express@4.18.2 REPLACE for: my-node-server@1.0.0 want: ^4.18.2
43 timing idealTree:#root Completed in 132ms
44 timing idealTree:node_modules/csvtojson Completed in 0ms
45 timing idealTree:node_modules/express Completed in 0ms
46 timing idealTree:buildDeps Completed in 135ms
47 timing idealTree:fixDepFlags Completed in 2ms
48 timing idealTree Completed in 468ms
49 timing reify:loadTrees Completed in 474ms
50 timing reify:diffTrees Completed in 11ms
51 silly reify moves {}
52 timing reify:retireShallow Completed in 2ms
53 timing reify:createSparse Completed in 0ms
54 timing reify:loadBundles Completed in 0ms
55 silly audit bulk request {
55 silly audit   accepts: [ '1.3.8' ],
55 silly audit   'array-flatten': [ '1.1.1' ],
55 silly audit   bluebird: [ '3.7.2' ],
55 silly audit   'body-parser': [ '1.20.1' ],
55 silly audit   bytes: [ '3.1.2' ],
55 silly audit   'call-bind': [ '1.0.5' ],
55 silly audit   'content-disposition': [ '0.5.4' ],
55 silly audit   'content-type': [ '1.0.5' ],
55 silly audit   cookie: [ '0.5.0' ],
55 silly audit   'cookie-signature': [ '1.0.6' ],
55 silly audit   debug: [ '2.6.9' ],
55 silly audit   'define-data-property': [ '1.1.1' ],
55 silly audit   depd: [ '2.0.0' ],
55 silly audit   destroy: [ '1.2.0' ],
55 silly audit   'ee-first': [ '1.1.1' ],
55 silly audit   encodeurl: [ '1.0.2' ],
55 silly audit   'escape-html': [ '1.0.3' ],
55 silly audit   etag: [ '1.8.1' ],
55 silly audit   finalhandler: [ '1.2.0' ],
55 silly audit   forwarded: [ '0.2.0' ],
55 silly audit   fresh: [ '0.5.2' ],
55 silly audit   'function-bind': [ '1.1.2' ],
55 silly audit   'get-intrinsic': [ '1.2.2' ],
55 silly audit   gopd: [ '1.0.1' ],
55 silly audit   'has-property-descriptors': [ '1.0.1' ],
55 silly audit   'has-proto': [ '1.0.1' ],
55 silly audit   'has-symbols': [ '1.0.3' ],
55 silly audit   hasown: [ '2.0.0' ],
55 silly audit   'http-errors': [ '2.0.0' ],
55 silly audit   'iconv-lite': [ '0.4.24' ],
55 silly audit   inherits: [ '2.0.4' ],
55 silly audit   'ipaddr.js': [ '1.9.1' ],
55 silly audit   'is-utf8': [ '0.2.1' ],
55 silly audit   lodash: [ '4.17.21' ],
55 silly audit   'media-typer': [ '0.3.0' ],
55 silly audit   'merge-descriptors': [ '1.0.1' ],
55 silly audit   methods: [ '1.1.2' ],
55 silly audit   mime: [ '1.6.0' ],
55 silly audit   'mime-db': [ '1.52.0' ],
55 silly audit   'mime-types': [ '2.1.35' ],
55 silly audit   ms: [ '2.0.0', '2.1.3' ],
55 silly audit   negotiator: [ '0.6.3' ],
55 silly audit   'object-inspect': [ '1.13.1' ],
55 silly audit   'on-finished': [ '2.4.1' ],
55 silly audit   parseurl: [ '1.3.3' ],
55 silly audit   'path-to-regexp': [ '0.1.7' ],
55 silly audit   'proxy-addr': [ '2.0.7' ],
55 silly audit   qs: [ '6.11.0' ],
55 silly audit   'range-parser': [ '1.2.1' ],
55 silly audit   'raw-body': [ '2.5.1' ],
55 silly audit   'safe-buffer': [ '5.2.1' ],
55 silly audit   'safer-buffer': [ '2.1.2' ],
55 silly audit   send: [ '0.18.0' ],
55 silly audit   'serve-static': [ '1.15.0' ],
55 silly audit   'set-function-length': [ '1.1.1' ],
55 silly audit   setprototypeof: [ '1.2.0' ],
55 silly audit   'side-channel': [ '1.0.4' ],
55 silly audit   statuses: [ '2.0.1' ],
55 silly audit   'strip-bom': [ '2.0.0' ],
55 silly audit   toidentifier: [ '1.0.1' ],
55 silly audit   'type-is': [ '1.6.18' ],
55 silly audit   unpipe: [ '1.0.0' ],
55 silly audit   'utils-merge': [ '1.0.1' ],
55 silly audit   vary: [ '1.1.2' ],
55 silly audit   csvtojson: [ '2.0.10' ],
55 silly audit   express: [ '4.18.2' ]
55 silly audit }
56 timing reify:unpack Completed in 3ms
57 timing reify:unretire Completed in 0ms
58 timing build:queue Completed in 0ms
59 timing build:deps Completed in 0ms
60 timing build Completed in 2ms
61 timing reify:build Completed in 3ms
62 timing reify:trash Completed in 0ms
63 timing reify:save Completed in 99ms
64 http fetch POST 200 https://registry.npmjs.org/-/npm/v1/security/advisories/bulk 691ms
65 timing auditReport:getReport Completed in 700ms
66 silly audit report {}
67 timing auditReport:init Completed in 0ms
68 timing reify:audit Completed in 703ms
69 timing reify Completed in 1216ms
70 timing command:install Completed in 1267ms
71 verbose exit 0
72 timing npm Completed in 2637ms
73 info ok
